<?xml version="1.0" encoding="UTF-8"?>
<!-- Generated by org.testng.reporters.JUnitReportReporter -->
<testsuite hostname="VEDIKIN-PC-6" failures="0" tests="1" name="front_test.Admin_test_Scenarios" time="742.207" errors="0" timestamp="2023-12-14T16:36:31 IST" skipped="0">
  <testcase classname="front_test.Admin_test_Scenarios" name="VerifyadminPositiveflow" time="742.207"/>
</testsuite> <!-- front_test.Admin_test_Scenarios -->
