<?xml version="1.0" encoding="UTF-8"?>
<!-- Generated by org.testng.reporters.JUnitReportReporter -->
<testsuite hostname="VEDIKIN-PC-6" failures="0" tests="1" name="front_test.Front_test_Scenario" time="80.530" errors="0" timestamp="2023-12-23T15:05:35 IST" skipped="0">
  <testcase classname="front_test.Front_test_Scenario" name="VerifyRegistrationflowPositiveflow" time="80.530"/>
</testsuite> <!-- front_test.Front_test_Scenario -->
