<?xml version="1.0" encoding="UTF-8"?>
<!-- Generated by org.testng.reporters.JUnitReportReporter -->
<testsuite hostname="VEDIKIN-PC-6" failures="0" tests="1" name="front_test.Front_test_Scenario" time="104.067" errors="0" timestamp="2023-12-11T17:38:05 IST" skipped="0">
  <testcase classname="front_test.Front_test_Scenario" name="VerifySignin_forgotpswd_registrationflow_blog_contact_footer_withNegativeflow" time="104.067"/>
</testsuite> <!-- front_test.Front_test_Scenario -->
