<?xml version="1.0" encoding="UTF-8"?>
<!-- Generated by org.testng.reporters.JUnitReportReporter -->
<testsuite hostname="VEDIKIN-PC-6" failures="0" tests="1" name="admin_test.Admin_test_Scenario" time="239.364" errors="0" timestamp="2023-11-29T18:03:38 IST" skipped="0">
  <testcase classname="admin_test.Admin_test_Scenario" name="VerifyadminPositiveflow" time="239.364"/>
</testsuite> <!-- admin_test.Admin_test_Scenario -->
